[2017-05-24 09:07:12,323] INFO [Group Metadata Manager on Broker 0]: Removed 0 expired offsets in 0 milliseconds. (kafka.coordinator.GroupMetadataManager)
[2017-05-24 09:17:12,322] INFO [Group Metadata Manager on Broker 0]: Removed 0 expired offsets in 0 milliseconds. (kafka.coordinator.GroupMetadataManager)
[2017-05-24 09:22:50,207] INFO [Kafka Server 0], shutting down (kafka.server.KafkaServer)
[2017-05-24 09:22:50,213] INFO [Kafka Server 0], Starting controlled shutdown (kafka.server.KafkaServer)
[2017-05-24 09:22:50,400] INFO [Kafka Server 0], Controlled shutdown succeeded (kafka.server.KafkaServer)
[2017-05-24 09:22:50,432] INFO [Socket Server on Broker 0], Shutting down (kafka.network.SocketServer)
[2017-05-24 09:22:50,979] INFO [Socket Server on Broker 0], Shutdown completed (kafka.network.SocketServer)
[2017-05-24 09:22:50,992] INFO [Kafka Request Handler on Broker 0], shutting down (kafka.server.KafkaRequestHandlerPool)
[2017-05-24 09:22:50,994] INFO [Kafka Request Handler on Broker 0], shut down completely (kafka.server.KafkaRequestHandlerPool)
[2017-05-24 09:22:51,012] INFO [ThrottledRequestReaper-Fetch], Shutting down (kafka.server.ClientQuotaManager$ThrottledRequestReaper)
[2017-05-24 09:22:51,987] INFO [ThrottledRequestReaper-Fetch], Stopped  (kafka.server.ClientQuotaManager$ThrottledRequestReaper)
[2017-05-24 09:22:51,988] INFO [ThrottledRequestReaper-Fetch], Shutdown completed (kafka.server.ClientQuotaManager$ThrottledRequestReaper)
[2017-05-24 09:22:52,002] INFO [ThrottledRequestReaper-Produce], Shutting down (kafka.server.ClientQuotaManager$ThrottledRequestReaper)
[2017-05-24 09:22:52,988] INFO [ThrottledRequestReaper-Produce], Stopped  (kafka.server.ClientQuotaManager$ThrottledRequestReaper)
[2017-05-24 09:22:52,998] INFO [ThrottledRequestReaper-Produce], Shutdown completed (kafka.server.ClientQuotaManager$ThrottledRequestReaper)
[2017-05-24 09:22:53,008] INFO [KafkaApi-0] Shutdown complete. (kafka.server.KafkaApis)
[2017-05-24 09:22:53,011] INFO [Replica Manager on Broker 0]: Shutting down (kafka.server.ReplicaManager)
[2017-05-24 09:22:53,012] INFO [ReplicaFetcherManager on broker 0] shutting down (kafka.server.ReplicaFetcherManager)
[2017-05-24 09:22:53,024] INFO [ReplicaFetcherManager on broker 0] shutdown completed (kafka.server.ReplicaFetcherManager)
[2017-05-24 09:22:53,024] INFO [ExpirationReaper-0], Shutting down (kafka.server.DelayedOperationPurgatory$ExpiredOperationReaper)
[2017-05-24 09:22:53,184] INFO [ExpirationReaper-0], Stopped  (kafka.server.DelayedOperationPurgatory$ExpiredOperationReaper)
[2017-05-24 09:22:53,215] INFO [ExpirationReaper-0], Shutdown completed (kafka.server.DelayedOperationPurgatory$ExpiredOperationReaper)
[2017-05-24 09:22:53,245] INFO [ExpirationReaper-0], Shutting down (kafka.server.DelayedOperationPurgatory$ExpiredOperationReaper)
[2017-05-24 09:22:53,416] INFO [ExpirationReaper-0], Stopped  (kafka.server.DelayedOperationPurgatory$ExpiredOperationReaper)
[2017-05-24 09:22:53,416] INFO [ExpirationReaper-0], Shutdown completed (kafka.server.DelayedOperationPurgatory$ExpiredOperationReaper)
[2017-05-24 09:22:53,421] INFO [Replica Manager on Broker 0]: Shut down completely (kafka.server.ReplicaManager)
[2017-05-24 09:22:53,421] INFO [ExpirationReaper-0], Shutting down (kafka.server.DelayedOperationPurgatory$ExpiredOperationReaper)
[2017-05-24 09:22:53,616] INFO [ExpirationReaper-0], Stopped  (kafka.server.DelayedOperationPurgatory$ExpiredOperationReaper)
[2017-05-24 09:22:53,624] INFO [ExpirationReaper-0], Shutdown completed (kafka.server.DelayedOperationPurgatory$ExpiredOperationReaper)
[2017-05-24 09:22:53,650] INFO [GroupCoordinator 0]: Shutting down. (kafka.coordinator.GroupCoordinator)
[2017-05-24 09:22:53,651] INFO [ExpirationReaper-0], Shutting down (kafka.server.DelayedOperationPurgatory$ExpiredOperationReaper)
[2017-05-24 09:22:53,824] INFO [ExpirationReaper-0], Stopped  (kafka.server.DelayedOperationPurgatory$ExpiredOperationReaper)
[2017-05-24 09:22:53,825] INFO [ExpirationReaper-0], Shutdown completed (kafka.server.DelayedOperationPurgatory$ExpiredOperationReaper)
[2017-05-24 09:22:53,825] INFO [ExpirationReaper-0], Shutting down (kafka.server.DelayedOperationPurgatory$ExpiredOperationReaper)
[2017-05-24 09:22:53,987] INFO [ExpirationReaper-0], Stopped  (kafka.server.DelayedOperationPurgatory$ExpiredOperationReaper)
[2017-05-24 09:22:54,002] INFO [ExpirationReaper-0], Shutdown completed (kafka.server.DelayedOperationPurgatory$ExpiredOperationReaper)
[2017-05-24 09:22:54,015] INFO [GroupCoordinator 0]: Shutdown complete. (kafka.coordinator.GroupCoordinator)
[2017-05-24 09:22:54,024] INFO Shutting down. (kafka.log.LogManager)
[2017-05-24 09:22:54,103] INFO Shutdown complete. (kafka.log.LogManager)
[2017-05-24 09:22:54,140] INFO [Kafka Server 0], shut down completed (kafka.server.KafkaServer)
