[2017-05-24 08:50:39,772] TRACE Controller 0 epoch 10 sending UpdateMetadata request (Leader:0,ISR:0,LeaderEpoch:1,ControllerEpoch:9) to brokers Set() for partition idriver-0 (state.change.logger)
[2017-05-24 08:50:39,788] TRACE Controller 0 epoch 10 sending UpdateMetadata request (Leader:0,ISR:0,LeaderEpoch:8,ControllerEpoch:9) to brokers Set() for partition test-0 (state.change.logger)
[2017-05-24 08:50:39,867] TRACE Controller 0 epoch 10 started leader election for partition [idriver,0] (state.change.logger)
[2017-05-24 08:50:40,343] ERROR Controller 0 epoch 10 initiated state change for partition [idriver,0] from OfflinePartition to OnlinePartition failed (state.change.logger)
kafka.common.NoReplicaOnlineException: No replica for partition [idriver,0] is alive. Live brokers are: [Set()], Assigned replicas are: [List(0)]
	at kafka.controller.OfflinePartitionLeaderSelector.selectLeader(PartitionLeaderSelector.scala:73)
	at kafka.controller.PartitionStateMachine.electLeaderForPartition(PartitionStateMachine.scala:339)
	at kafka.controller.PartitionStateMachine.kafka$controller$PartitionStateMachine$$handleStateChange(PartitionStateMachine.scala:200)
	at kafka.controller.PartitionStateMachine$$anonfun$triggerOnlinePartitionStateChange$3.apply(PartitionStateMachine.scala:115)
	at kafka.controller.PartitionStateMachine$$anonfun$triggerOnlinePartitionStateChange$3.apply(PartitionStateMachine.scala:112)
	at scala.collection.TraversableLike$WithFilter$$anonfun$foreach$1.apply(TraversableLike.scala:733)
	at scala.collection.mutable.HashMap$$anonfun$foreach$1.apply(HashMap.scala:99)
	at scala.collection.mutable.HashMap$$anonfun$foreach$1.apply(HashMap.scala:99)
	at scala.collection.mutable.HashTable$class.foreachEntry(HashTable.scala:230)
	at scala.collection.mutable.HashMap.foreachEntry(HashMap.scala:40)
	at scala.collection.mutable.HashMap.foreach(HashMap.scala:99)
	at scala.collection.TraversableLike$WithFilter.foreach(TraversableLike.scala:732)
	at kafka.controller.PartitionStateMachine.triggerOnlinePartitionStateChange(PartitionStateMachine.scala:112)
	at kafka.controller.PartitionStateMachine.startup(PartitionStateMachine.scala:67)
	at kafka.controller.KafkaController.onControllerFailover(KafkaController.scala:342)
	at kafka.controller.KafkaController$$anonfun$1.apply$mcV$sp(KafkaController.scala:160)
	at kafka.server.ZookeeperLeaderElector.elect(ZookeeperLeaderElector.scala:85)
	at kafka.controller.KafkaController$SessionExpirationListener$$anonfun$handleNewSession$1.apply$mcZ$sp(KafkaController.scala:1175)
	at kafka.controller.KafkaController$SessionExpirationListener$$anonfun$handleNewSession$1.apply(KafkaController.scala:1175)
	at kafka.controller.KafkaController$SessionExpirationListener$$anonfun$handleNewSession$1.apply(KafkaController.scala:1175)
	at kafka.utils.CoreUtils$.inLock(CoreUtils.scala:213)
	at kafka.controller.KafkaController$SessionExpirationListener.handleNewSession(KafkaController.scala:1174)
	at org.I0Itec.zkclient.ZkClient$6.run(ZkClient.java:736)
	at org.I0Itec.zkclient.ZkEventThread.run(ZkEventThread.java:72)
[2017-05-24 08:50:40,415] TRACE Controller 0 epoch 10 started leader election for partition [test,0] (state.change.logger)
[2017-05-24 08:50:40,766] ERROR Controller 0 epoch 10 initiated state change for partition [test,0] from OfflinePartition to OnlinePartition failed (state.change.logger)
kafka.common.NoReplicaOnlineException: No replica for partition [test,0] is alive. Live brokers are: [Set()], Assigned replicas are: [List(0)]
	at kafka.controller.OfflinePartitionLeaderSelector.selectLeader(PartitionLeaderSelector.scala:73)
	at kafka.controller.PartitionStateMachine.electLeaderForPartition(PartitionStateMachine.scala:339)
	at kafka.controller.PartitionStateMachine.kafka$controller$PartitionStateMachine$$handleStateChange(PartitionStateMachine.scala:200)
	at kafka.controller.PartitionStateMachine$$anonfun$triggerOnlinePartitionStateChange$3.apply(PartitionStateMachine.scala:115)
	at kafka.controller.PartitionStateMachine$$anonfun$triggerOnlinePartitionStateChange$3.apply(PartitionStateMachine.scala:112)
	at scala.collection.TraversableLike$WithFilter$$anonfun$foreach$1.apply(TraversableLike.scala:733)
	at scala.collection.mutable.HashMap$$anonfun$foreach$1.apply(HashMap.scala:99)
	at scala.collection.mutable.HashMap$$anonfun$foreach$1.apply(HashMap.scala:99)
	at scala.collection.mutable.HashTable$class.foreachEntry(HashTable.scala:230)
	at scala.collection.mutable.HashMap.foreachEntry(HashMap.scala:40)
	at scala.collection.mutable.HashMap.foreach(HashMap.scala:99)
	at scala.collection.TraversableLike$WithFilter.foreach(TraversableLike.scala:732)
	at kafka.controller.PartitionStateMachine.triggerOnlinePartitionStateChange(PartitionStateMachine.scala:112)
	at kafka.controller.PartitionStateMachine.startup(PartitionStateMachine.scala:67)
	at kafka.controller.KafkaController.onControllerFailover(KafkaController.scala:342)
	at kafka.controller.KafkaController$$anonfun$1.apply$mcV$sp(KafkaController.scala:160)
	at kafka.server.ZookeeperLeaderElector.elect(ZookeeperLeaderElector.scala:85)
	at kafka.controller.KafkaController$SessionExpirationListener$$anonfun$handleNewSession$1.apply$mcZ$sp(KafkaController.scala:1175)
	at kafka.controller.KafkaController$SessionExpirationListener$$anonfun$handleNewSession$1.apply(KafkaController.scala:1175)
	at kafka.controller.KafkaController$SessionExpirationListener$$anonfun$handleNewSession$1.apply(KafkaController.scala:1175)
	at kafka.utils.CoreUtils$.inLock(CoreUtils.scala:213)
	at kafka.controller.KafkaController$SessionExpirationListener.handleNewSession(KafkaController.scala:1174)
	at org.I0Itec.zkclient.ZkClient$6.run(ZkClient.java:736)
	at org.I0Itec.zkclient.ZkEventThread.run(ZkEventThread.java:72)
[2017-05-24 08:50:41,600] TRACE Controller 0 epoch 10 sending UpdateMetadata request (Leader:0,ISR:0,LeaderEpoch:1,ControllerEpoch:9) to brokers Set(0) for partition idriver-0 (state.change.logger)
[2017-05-24 08:50:41,600] TRACE Controller 0 epoch 10 sending UpdateMetadata request (Leader:0,ISR:0,LeaderEpoch:8,ControllerEpoch:9) to brokers Set(0) for partition test-0 (state.change.logger)
[2017-05-24 08:50:41,626] TRACE Controller 0 epoch 10 changed state of replica 0 for partition [idriver,0] from ReplicaDeletionIneligible to OnlineReplica (state.change.logger)
[2017-05-24 08:50:41,626] TRACE Controller 0 epoch 10 changed state of replica 0 for partition [test,0] from ReplicaDeletionIneligible to OnlineReplica (state.change.logger)
[2017-05-24 08:50:41,626] TRACE Controller 0 epoch 10 sending become-leader LeaderAndIsr request (Leader:0,ISR:0,LeaderEpoch:1,ControllerEpoch:9) to broker 0 for partition [idriver,0] (state.change.logger)
[2017-05-24 08:50:41,626] TRACE Controller 0 epoch 10 sending become-leader LeaderAndIsr request (Leader:0,ISR:0,LeaderEpoch:8,ControllerEpoch:9) to broker 0 for partition [test,0] (state.change.logger)
[2017-05-24 08:50:41,626] TRACE Controller 0 epoch 10 sending UpdateMetadata request (Leader:0,ISR:0,LeaderEpoch:1,ControllerEpoch:9) to brokers Set(0) for partition idriver-0 (state.change.logger)
[2017-05-24 08:50:41,626] TRACE Controller 0 epoch 10 sending UpdateMetadata request (Leader:0,ISR:0,LeaderEpoch:8,ControllerEpoch:9) to brokers Set(0) for partition test-0 (state.change.logger)
[2017-05-24 08:50:41,634] TRACE Controller 0 epoch 10 started leader election for partition [idriver,0] (state.change.logger)
[2017-05-24 08:50:41,755] TRACE Controller 0 epoch 10 elected leader 0 for Offline partition [idriver,0] (state.change.logger)
[2017-05-24 08:50:41,782] TRACE Controller 0 epoch 10 changed partition [idriver,0] from OfflinePartition to OnlinePartition with leader 0 (state.change.logger)
[2017-05-24 08:50:41,782] TRACE Controller 0 epoch 10 started leader election for partition [test,0] (state.change.logger)
[2017-05-24 08:50:41,800] TRACE Controller 0 epoch 10 elected leader 0 for Offline partition [test,0] (state.change.logger)
[2017-05-24 08:50:41,800] TRACE Controller 0 epoch 10 changed partition [test,0] from OfflinePartition to OnlinePartition with leader 0 (state.change.logger)
[2017-05-24 08:50:41,800] TRACE Controller 0 epoch 10 sending become-leader LeaderAndIsr request (Leader:0,ISR:0,LeaderEpoch:2,ControllerEpoch:10) to broker 0 for partition [idriver,0] (state.change.logger)
[2017-05-24 08:50:41,800] TRACE Controller 0 epoch 10 sending become-leader LeaderAndIsr request (Leader:0,ISR:0,LeaderEpoch:9,ControllerEpoch:10) to broker 0 for partition [test,0] (state.change.logger)
[2017-05-24 08:50:41,801] TRACE Controller 0 epoch 10 sending UpdateMetadata request (Leader:0,ISR:0,LeaderEpoch:2,ControllerEpoch:10) to brokers Set(0) for partition idriver-0 (state.change.logger)
[2017-05-24 08:50:41,801] TRACE Controller 0 epoch 10 sending UpdateMetadata request (Leader:0,ISR:0,LeaderEpoch:9,ControllerEpoch:10) to brokers Set(0) for partition test-0 (state.change.logger)
[2017-05-24 08:50:41,892] TRACE Broker 0 cached leader info (LeaderAndIsrInfo:(Leader:0,ISR:0,LeaderEpoch:8,ControllerEpoch:9),ReplicationFactor:1),AllReplicas:0) for partition test-0 in response to UpdateMetadata request sent by controller 0 epoch 10 with correlation id 0 (state.change.logger)
[2017-05-24 08:50:41,903] TRACE Broker 0 cached leader info (LeaderAndIsrInfo:(Leader:0,ISR:0,LeaderEpoch:1,ControllerEpoch:9),ReplicationFactor:1),AllReplicas:0) for partition idriver-0 in response to UpdateMetadata request sent by controller 0 epoch 10 with correlation id 0 (state.change.logger)
[2017-05-24 08:50:42,041] TRACE Controller 0 epoch 10 received response {error_code=0} for a request sent to broker localhost:9092 (id: 0 rack: null) (state.change.logger)
[2017-05-24 08:50:42,062] TRACE Broker 0 received LeaderAndIsr request PartitionState(controllerEpoch=9, leader=0, leaderEpoch=8, isr=[0], zkVersion=8, replicas=[0]) correlation id 1 from controller 0 epoch 10 for partition [test,0] (state.change.logger)
[2017-05-24 08:50:42,062] TRACE Broker 0 received LeaderAndIsr request PartitionState(controllerEpoch=9, leader=0, leaderEpoch=1, isr=[0], zkVersion=1, replicas=[0]) correlation id 1 from controller 0 epoch 10 for partition [idriver,0] (state.change.logger)
[2017-05-24 08:50:42,070] WARN Broker 0 ignoring LeaderAndIsr request from controller 0 with correlation id 1 epoch 10 for partition [test,0] since its associated leader epoch 8 is not higher than the current leader epoch 8 (state.change.logger)
[2017-05-24 08:50:42,071] WARN Broker 0 ignoring LeaderAndIsr request from controller 0 with correlation id 1 epoch 10 for partition [idriver,0] since its associated leader epoch 1 is not higher than the current leader epoch 1 (state.change.logger)
[2017-05-24 08:50:42,074] TRACE Controller 0 epoch 10 received response {error_code=0,partitions=[{topic=idriver,partition=0,error_code=11},{topic=test,partition=0,error_code=11}]} for a request sent to broker localhost:9092 (id: 0 rack: null) (state.change.logger)
[2017-05-24 08:50:42,076] TRACE Broker 0 cached leader info (LeaderAndIsrInfo:(Leader:0,ISR:0,LeaderEpoch:8,ControllerEpoch:9),ReplicationFactor:1),AllReplicas:0) for partition test-0 in response to UpdateMetadata request sent by controller 0 epoch 10 with correlation id 2 (state.change.logger)
[2017-05-24 08:50:42,076] TRACE Broker 0 cached leader info (LeaderAndIsrInfo:(Leader:0,ISR:0,LeaderEpoch:1,ControllerEpoch:9),ReplicationFactor:1),AllReplicas:0) for partition idriver-0 in response to UpdateMetadata request sent by controller 0 epoch 10 with correlation id 2 (state.change.logger)
[2017-05-24 08:50:42,088] TRACE Controller 0 epoch 10 received response {error_code=0} for a request sent to broker localhost:9092 (id: 0 rack: null) (state.change.logger)
[2017-05-24 08:50:42,133] TRACE Broker 0 received LeaderAndIsr request PartitionState(controllerEpoch=10, leader=0, leaderEpoch=9, isr=[0], zkVersion=9, replicas=[0]) correlation id 3 from controller 0 epoch 10 for partition [test,0] (state.change.logger)
[2017-05-24 08:50:42,133] TRACE Broker 0 received LeaderAndIsr request PartitionState(controllerEpoch=10, leader=0, leaderEpoch=2, isr=[0], zkVersion=2, replicas=[0]) correlation id 3 from controller 0 epoch 10 for partition [idriver,0] (state.change.logger)
[2017-05-24 08:50:42,134] TRACE Broker 0 handling LeaderAndIsr request correlationId 3 from controller 0 epoch 10 starting the become-leader transition for partition idriver-0 (state.change.logger)
[2017-05-24 08:50:42,134] TRACE Broker 0 handling LeaderAndIsr request correlationId 3 from controller 0 epoch 10 starting the become-leader transition for partition test-0 (state.change.logger)
[2017-05-24 08:50:42,242] INFO Broker 0 skipped the become-leader state change after marking its partition as leader with correlation id 3 from controller 0 epoch 10 for partition idriver-0 since it is already the leader for the partition. (state.change.logger)
[2017-05-24 08:50:42,242] INFO Broker 0 skipped the become-leader state change after marking its partition as leader with correlation id 3 from controller 0 epoch 10 for partition test-0 since it is already the leader for the partition. (state.change.logger)
[2017-05-24 08:50:42,242] TRACE Broker 0 completed LeaderAndIsr request correlationId 3 from controller 0 epoch 10 for the become-leader transition for partition idriver-0 (state.change.logger)
[2017-05-24 08:50:42,242] TRACE Broker 0 completed LeaderAndIsr request correlationId 3 from controller 0 epoch 10 for the become-leader transition for partition test-0 (state.change.logger)
[2017-05-24 08:50:42,243] TRACE Controller 0 epoch 10 received response {error_code=0,partitions=[{topic=idriver,partition=0,error_code=0},{topic=test,partition=0,error_code=0}]} for a request sent to broker localhost:9092 (id: 0 rack: null) (state.change.logger)
[2017-05-24 08:50:42,244] TRACE Broker 0 cached leader info (LeaderAndIsrInfo:(Leader:0,ISR:0,LeaderEpoch:9,ControllerEpoch:10),ReplicationFactor:1),AllReplicas:0) for partition test-0 in response to UpdateMetadata request sent by controller 0 epoch 10 with correlation id 4 (state.change.logger)
[2017-05-24 08:50:42,244] TRACE Broker 0 cached leader info (LeaderAndIsrInfo:(Leader:0,ISR:0,LeaderEpoch:2,ControllerEpoch:10),ReplicationFactor:1),AllReplicas:0) for partition idriver-0 in response to UpdateMetadata request sent by controller 0 epoch 10 with correlation id 4 (state.change.logger)
[2017-05-24 08:50:42,245] TRACE Controller 0 epoch 10 received response {error_code=0} for a request sent to broker localhost:9092 (id: 0 rack: null) (state.change.logger)
